2022.07.17 10:41:07 INFO  tracing is disabled for protocol LSP, to enable tracing of incoming and outgoing JSON messages create an empty file at d:\Programs\sem3\scala\ScalaTutorials\scala tutorial 3\.metals\lsp.trace.json or C:\Users\Sineth\AppData\Local\scalameta\metals\cache\lsp.trace.json
2022.07.17 10:41:10 INFO  logging to file D:\Programs\sem3\scala\ScalaTutorials\scala tutorial 3\.metals\metals.log
2022.07.17 10:41:10 INFO  Started: Metals version 0.11.7 in workspace 'D:\Programs\sem3\scala\ScalaTutorials\scala tutorial 3' for client Visual Studio Code 1.69.1.
2022.07.17 10:41:18 INFO  time: initialize in 7.82s
2022.07.17 10:41:18 WARN  Flyway upgrade recommended: H2 2.1.214 is newer than this version of Flyway and support has not been tested. The latest supported version of H2 is 2.1.210.
2022.07.17 10:41:18 WARN  Build server is not auto-connectable.
2022.07.17 10:41:18 WARN  no build tool detected in workspace 'D:\Programs\sem3\scala\ScalaTutorials\scala tutorial 3'. The most common cause for this problem is that the editor was opened in the wrong working directory, for example if you use sbt then the workspace directory should contain build.sbt. 
2022.07.17 10:41:19 WARN  no build target for: D:\Programs\sem3\scala\ScalaTutorials\scala tutorial 3\Question05\Question05.scala
2022.07.17 10:41:38 INFO  no build target found for D:\Programs\sem3\scala\ScalaTutorials\scala tutorial 3\Question05\Question05.scala. Using presentation compiler with project's scala-library version: 3.1.3
2022.07.17 10:41:41 INFO  time: code lens generation in 21s
2022.07.17 10:41:41 INFO  time: code lens generation in 2.04s
2022.07.17 12:32:38 INFO  shutting down Metals
2022.07.27 17:32:27 INFO  tracing is disabled for protocol LSP, to enable tracing of incoming and outgoing JSON messages create an empty file at d:\Programs\sem3\scala\ScalaTutorials\scala tutorial 3\.metals\lsp.trace.json or C:\Users\Sineth\AppData\Local\scalameta\metals\cache\lsp.trace.json
2022.07.27 17:32:29 INFO  logging to file D:\Programs\sem3\scala\ScalaTutorials\scala tutorial 3\.metals\metals.log
2022.07.27 17:32:29 INFO  Started: Metals version 0.11.7 in workspace 'D:\Programs\sem3\scala\ScalaTutorials\scala tutorial 3' for client Visual Studio Code 1.69.2.
2022.07.27 17:32:32 INFO  time: initialize in 2.88s
2022.07.27 17:32:32 WARN  Flyway upgrade recommended: H2 2.1.214 is newer than this version of Flyway and support has not been tested. The latest supported version of H2 is 2.1.210.
2022.07.27 17:32:32 WARN  Build server is not auto-connectable.
2022.07.27 17:32:32 WARN  no build tool detected in workspace 'D:\Programs\sem3\scala\ScalaTutorials\scala tutorial 3'. The most common cause for this problem is that the editor was opened in the wrong working directory, for example if you use sbt then the workspace directory should contain build.sbt. 
2022.07.27 17:32:33 WARN  no build target for: D:\Programs\sem3\scala\ScalaTutorials\scala tutorial 3\Question05\Question05.scala
2022.07.27 17:32:33 WARN  no build target for: D:\Programs\sem3\scala\ScalaTutorials\scala tutorial 3\Question01\Question01.scala
2022.07.27 17:32:33 WARN  no build target for: D:\Programs\sem3\scala\ScalaTutorials\scala tutorial 3\Question04\Question04.scala
2022.07.27 17:32:33 WARN  no build target for: D:\Programs\sem3\scala\ScalaTutorials\scala tutorial 3\Question02\Question02.scala
2022.07.27 17:32:33 WARN  no build target for: D:\Programs\sem3\scala\ScalaTutorials\scala tutorial 3\Question03\Question03.scala
2022.07.27 17:32:37 INFO  no build target found for D:\Programs\sem3\scala\ScalaTutorials\scala tutorial 3\Question02\Question02.scala. Using presentation compiler with project's scala-library version: 3.1.3
2022.07.27 17:32:39 INFO  time: code lens generation in 5.51s
2022.07.27 17:50:22 WARN  no build target for: D:\Programs\sem3\scala\ScalaTutorials\scala tutorial 3\Question05\Question05.scala
2022.07.27 19:34:59 INFO  shutting down Metals
