2022.07.28 18:47:23 INFO  tracing is disabled for protocol LSP, to enable tracing of incoming and outgoing JSON messages create an empty file at d:\Programs\sem3\scala\ScalaTutorials\scala tutorial 4\.metals\lsp.trace.json or C:\Users\Sineth\AppData\Local\scalameta\metals\cache\lsp.trace.json
2022.07.28 18:47:26 INFO  logging to file D:\Programs\sem3\scala\ScalaTutorials\scala tutorial 4\.metals\metals.log
2022.07.28 18:47:26 INFO  Started: Metals version 0.11.7 in workspace 'D:\Programs\sem3\scala\ScalaTutorials\scala tutorial 4' for client Visual Studio Code 1.69.2.
2022.07.28 18:47:29 INFO  time: initialize in 2.93s
2022.07.28 18:47:29 WARN  Flyway upgrade recommended: H2 2.1.214 is newer than this version of Flyway and support has not been tested. The latest supported version of H2 is 2.1.210.
2022.07.28 18:47:29 WARN  Build server is not auto-connectable.
2022.07.28 18:47:29 WARN  no build tool detected in workspace 'D:\Programs\sem3\scala\ScalaTutorials\scala tutorial 4'. The most common cause for this problem is that the editor was opened in the wrong working directory, for example if you use sbt then the workspace directory should contain build.sbt. 
2022.07.28 18:47:30 WARN  no build target for: D:\Programs\sem3\scala\ScalaTutorials\scala tutorial 4\Question 02\Question02.scala
2022.07.28 18:47:34 INFO  no build target found for D:\Programs\sem3\scala\ScalaTutorials\scala tutorial 4\Question 02\Question02.scala. Using presentation compiler with project's scala-library version: 3.1.3
2022.07.28 18:47:34 WARN  no build target for: D:\Programs\sem3\scala\ScalaTutorials\scala tutorial 4\Question 03\Question03.scala
2022.07.28 18:47:36 INFO  time: code lens generation in 1.8s
2022.07.28 18:47:36 INFO  time: code lens generation in 5.45s
2022.07.28 18:48:21 WARN  no build target for: D:\Programs\sem3\scala\ScalaTutorials\scala tutorial 4\Question 03\Question03.scala
2022.07.28 18:48:46 WARN  no build target for: D:\Programs\sem3\scala\ScalaTutorials\scala tutorial 4\Question 03\Question03.scala
2022.07.28 18:48:49 WARN  no build target for: D:\Programs\sem3\scala\ScalaTutorials\scala tutorial 4\Question 03\Question03.scala
2022.07.28 18:49:00 WARN  no build target for: D:\Programs\sem3\scala\ScalaTutorials\scala tutorial 4\Question 02\Question02.scala
2022.07.28 18:49:13 WARN  no build target for: D:\Programs\sem3\scala\ScalaTutorials\scala tutorial 4\Question 01\Question01.scala
2022.07.28 18:49:51 WARN  no build target for: D:\Programs\sem3\scala\ScalaTutorials\scala tutorial 4\Question 04\Question04.scala
Jul 28, 2022 6:50:00 PM org.eclipse.lsp4j.jsonrpc.RemoteEndpoint fallbackResponseError
SEVERE: Internal error: java.lang.reflect.InvocationTargetException
java.lang.RuntimeException: java.lang.reflect.InvocationTargetException
	at org.eclipse.lsp4j.jsonrpc.services.GenericEndpoint.lambda$null$0(GenericEndpoint.java:67)
	at org.eclipse.lsp4j.jsonrpc.services.GenericEndpoint.request(GenericEndpoint.java:120)
	at org.eclipse.lsp4j.jsonrpc.RemoteEndpoint.handleRequest(RemoteEndpoint.java:261)
	at org.eclipse.lsp4j.jsonrpc.RemoteEndpoint.consume(RemoteEndpoint.java:190)
	at org.eclipse.lsp4j.jsonrpc.json.StreamMessageProducer.handleMessage(StreamMessageProducer.java:194)
	at org.eclipse.lsp4j.jsonrpc.json.StreamMessageProducer.listen(StreamMessageProducer.java:94)
	at org.eclipse.lsp4j.jsonrpc.json.ConcurrentMessageProcessor.run(ConcurrentMessageProcessor.java:113)
	at java.util.concurrent.Executors$RunnableAdapter.call(Executors.java:511)
	at java.util.concurrent.FutureTask.run(FutureTask.java:266)
	at java.util.concurrent.ThreadPoolExecutor.runWorker(ThreadPoolExecutor.java:1149)
	at java.util.concurrent.ThreadPoolExecutor$Worker.run(ThreadPoolExecutor.java:624)
	at java.lang.Thread.run(Thread.java:748)
Caused by: java.lang.reflect.InvocationTargetException
	at sun.reflect.GeneratedMethodAccessor1.invoke(Unknown Source)
	at sun.reflect.DelegatingMethodAccessorImpl.invoke(DelegatingMethodAccessorImpl.java:43)
	at java.lang.reflect.Method.invoke(Method.java:498)
	at org.eclipse.lsp4j.jsonrpc.services.GenericEndpoint.lambda$null$0(GenericEndpoint.java:65)
	... 11 more
Caused by: java.lang.IllegalArgumentException: 24 is not a valid line number, allowed [0..1]
	at scala.meta.internal.inputs.InternalInput.lineToOffset(InternalInput.scala:37)
	at scala.meta.internal.inputs.InternalInput.lineToOffset$(InternalInput.scala:32)
	at scala.meta.inputs.Input$VirtualFile.lineToOffset(Input.scala:80)
	at scala.meta.inputs.Position$Range$.apply(Position.scala:59)
	at scala.meta.internal.mtags.MtagsEnrichments$XtensionPositionLspInverse.toMeta(MtagsEnrichments.scala:179)
	at scala.meta.internal.parsing.Trees.$anonfun$findLastEnclosingAt$4(Trees.scala:77)
	at scala.Option.flatMap(Option.scala:283)
	at scala.meta.internal.parsing.Trees.findLastEnclosingAt(Trees.scala:76)
	at scala.meta.internal.metals.codeactions.PatternMatchRefactor.contribute(PatternMatchRefactor.scala:96)
	at scala.meta.internal.metals.CodeActionProvider$$anonfun$1.applyOrElse(CodeActionProvider.scala:66)
	at scala.meta.internal.metals.CodeActionProvider$$anonfun$1.applyOrElse(CodeActionProvider.scala:65)
	at scala.collection.immutable.List.collect(List.scala:275)
	at scala.meta.internal.metals.CodeActionProvider.codeActions(CodeActionProvider.scala:65)
	at scala.meta.internal.metals.MetalsLanguageServer.$anonfun$codeAction$1(MetalsLanguageServer.scala:1652)
	at scala.meta.internal.metals.CancelTokens$.future(CancelTokens.scala:38)
	at scala.meta.internal.metals.MetalsLanguageServer.codeAction(MetalsLanguageServer.scala:1651)
	... 15 more

2022.07.28 18:50:05 WARN  no build target for: D:\Programs\sem3\scala\ScalaTutorials\scala tutorial 4\Question 04\Question04.scala
Jul 28, 2022 6:50:05 PM org.eclipse.lsp4j.jsonrpc.RemoteEndpoint fallbackResponseError
SEVERE: Internal error: java.lang.reflect.InvocationTargetException
java.lang.RuntimeException: java.lang.reflect.InvocationTargetException
	at org.eclipse.lsp4j.jsonrpc.services.GenericEndpoint.lambda$null$0(GenericEndpoint.java:67)
	at org.eclipse.lsp4j.jsonrpc.services.GenericEndpoint.request(GenericEndpoint.java:120)
	at org.eclipse.lsp4j.jsonrpc.RemoteEndpoint.handleRequest(RemoteEndpoint.java:261)
	at org.eclipse.lsp4j.jsonrpc.RemoteEndpoint.consume(RemoteEndpoint.java:190)
	at org.eclipse.lsp4j.jsonrpc.json.StreamMessageProducer.handleMessage(StreamMessageProducer.java:194)
	at org.eclipse.lsp4j.jsonrpc.json.StreamMessageProducer.listen(StreamMessageProducer.java:94)
	at org.eclipse.lsp4j.jsonrpc.json.ConcurrentMessageProcessor.run(ConcurrentMessageProcessor.java:113)
	at java.util.concurrent.Executors$RunnableAdapter.call(Executors.java:511)
	at java.util.concurrent.FutureTask.run(FutureTask.java:266)
	at java.util.concurrent.ThreadPoolExecutor.runWorker(ThreadPoolExecutor.java:1149)
	at java.util.concurrent.ThreadPoolExecutor$Worker.run(ThreadPoolExecutor.java:624)
	at java.lang.Thread.run(Thread.java:748)
Caused by: java.lang.reflect.InvocationTargetException
	at sun.reflect.GeneratedMethodAccessor1.invoke(Unknown Source)
	at sun.reflect.DelegatingMethodAccessorImpl.invoke(DelegatingMethodAccessorImpl.java:43)
	at java.lang.reflect.Method.invoke(Method.java:498)
	at org.eclipse.lsp4j.jsonrpc.services.GenericEndpoint.lambda$null$0(GenericEndpoint.java:65)
	... 11 more
Caused by: java.lang.IllegalArgumentException: 11 is not a valid line number, allowed [0..1]
	at scala.meta.internal.inputs.InternalInput.lineToOffset(InternalInput.scala:37)
	at scala.meta.internal.inputs.InternalInput.lineToOffset$(InternalInput.scala:32)
	at scala.meta.inputs.Input$VirtualFile.lineToOffset(Input.scala:80)
	at scala.meta.inputs.Position$Range$.apply(Position.scala:59)
	at scala.meta.internal.mtags.MtagsEnrichments$XtensionPositionLspInverse.toMeta(MtagsEnrichments.scala:179)
	at scala.meta.internal.parsing.Trees.$anonfun$findLastEnclosingAt$4(Trees.scala:77)
	at scala.Option.flatMap(Option.scala:283)
	at scala.meta.internal.parsing.Trees.findLastEnclosingAt(Trees.scala:76)
	at scala.meta.internal.metals.codeactions.PatternMatchRefactor.contribute(PatternMatchRefactor.scala:96)
	at scala.meta.internal.metals.CodeActionProvider$$anonfun$1.applyOrElse(CodeActionProvider.scala:66)
	at scala.meta.internal.metals.CodeActionProvider$$anonfun$1.applyOrElse(CodeActionProvider.scala:65)
	at scala.collection.immutable.List.collect(List.scala:275)
	at scala.meta.internal.metals.CodeActionProvider.codeActions(CodeActionProvider.scala:65)
	at scala.meta.internal.metals.MetalsLanguageServer.$anonfun$codeAction$1(MetalsLanguageServer.scala:1652)
	at scala.meta.internal.metals.CancelTokens$.future(CancelTokens.scala:38)
	at scala.meta.internal.metals.MetalsLanguageServer.codeAction(MetalsLanguageServer.scala:1651)
	... 15 more

2022.07.28 18:50:51 WARN  no build target for: D:\Programs\sem3\scala\ScalaTutorials\scala tutorial 4\Question 04\Question04.scala
2022.07.28 18:52:03 WARN  no build target for: D:\Programs\sem3\scala\ScalaTutorials\scala tutorial 4\Question 04\Question04.scala
2022.07.28 18:52:13 WARN  no build target for: D:\Programs\sem3\scala\ScalaTutorials\scala tutorial 4\Question 04\Question04.scala
2022.07.28 18:52:16 WARN  no build target for: D:\Programs\sem3\scala\ScalaTutorials\scala tutorial 4\Question 04\Question04.scala
2022.07.28 18:52:58 WARN  no build target for: D:\Programs\sem3\scala\ScalaTutorials\scala tutorial 4\Question 04\Question04.scala
2022.07.28 18:53:17 WARN  no build target for: D:\Programs\sem3\scala\ScalaTutorials\scala tutorial 4\Question 04\Question04.scala
2022.07.28 18:55:00 WARN  no build target for: D:\Programs\sem3\scala\ScalaTutorials\scala tutorial 4\Question 04\Question04.scala
2022.07.28 18:56:35 WARN  no build target for: D:\Programs\sem3\scala\ScalaTutorials\scala tutorial 4\Question 04\Question04.scala
2022.07.28 18:56:42 WARN  no build target for: D:\Programs\sem3\scala\ScalaTutorials\scala tutorial 4\Question 04\Question04.scala
2022.07.28 18:57:33 WARN  no build target for: D:\Programs\sem3\scala\ScalaTutorials\scala tutorial 4\Question 04\Question04.scala
2022.07.28 18:57:35 WARN  no build target for: D:\Programs\sem3\scala\ScalaTutorials\scala tutorial 4\Question 04\Question04.scala
2022.07.28 18:57:58 WARN  no build target for: D:\Programs\sem3\scala\ScalaTutorials\scala tutorial 4\Question 04\Question04.scala
2022.07.28 18:59:31 WARN  no build target for: D:\Programs\sem3\scala\ScalaTutorials\scala tutorial 4\Question 05\Question05.scala
2022.07.28 19:00:33 WARN  no build target for: D:\Programs\sem3\scala\ScalaTutorials\scala tutorial 4\Question 05\Question05.scala
2022.07.28 19:01:31 WARN  no build target for: D:\Programs\sem3\scala\ScalaTutorials\scala tutorial 4\Question 05\Question05.scala
2022.07.28 19:29:41 WARN  no build target for: D:\Programs\sem3\scala\ScalaTutorials\scala tutorial 4\Question 05\Question05.scala
2022.07.28 19:30:28 WARN  no build target for: D:\Programs\sem3\scala\ScalaTutorials\scala tutorial 4\Question 05\Question05.scala
2022.07.28 19:31:12 WARN  no build target for: D:\Programs\sem3\scala\ScalaTutorials\scala tutorial 4\Question 05\Question05.scala
2022.07.28 19:31:34 WARN  no build target for: D:\Programs\sem3\scala\ScalaTutorials\scala tutorial 4\Question 05\Question05.scala
2022.07.28 19:32:07 WARN  no build target for: D:\Programs\sem3\scala\ScalaTutorials\scala tutorial 4\Question 05\Question05.scala
2022.07.28 19:33:20 WARN  no build target for: D:\Programs\sem3\scala\ScalaTutorials\scala tutorial 4\Question 05\Question05.scala
2022.07.28 19:33:36 WARN  no build target for: D:\Programs\sem3\scala\ScalaTutorials\scala tutorial 4\Question 05\Question05.scala
2022.07.28 19:33:40 WARN  no build target for: D:\Programs\sem3\scala\ScalaTutorials\scala tutorial 4\Question 05\Question05.scala
2022.07.28 19:34:42 WARN  no build target for: D:\Programs\sem3\scala\ScalaTutorials\scala tutorial 4\Question 05\Question05.scala
2022.07.28 19:41:02 WARN  no build target for: D:\Programs\sem3\scala\ScalaTutorials\scala tutorial 4\Question 05\Question05.scala
Jul 28, 2022 7:41:25 PM org.eclipse.lsp4j.jsonrpc.RemoteEndpoint fallbackResponseError
SEVERE: Internal error: file:///D:/Programs/sem3/scala/ScalaTutorials/scala%20tutorial%204/Question%2005/Question05.scala:8: error: unclosed string literal
    def first2uppercase(str:String): String = s"${toUpper(str.substring(0,2))${toLower(str.substring(2))}"
                                                                                                         ^
java.util.concurrent.CompletionException: file:///D:/Programs/sem3/scala/ScalaTutorials/scala%20tutorial%204/Question%2005/Question05.scala:8: error: unclosed string literal
    def first2uppercase(str:String): String = s"${toUpper(str.substring(0,2))${toLower(str.substring(2))}"
                                                                                                         ^
	at java.util.concurrent.CompletableFuture.encodeThrowable(CompletableFuture.java:292)
	at java.util.concurrent.CompletableFuture.completeThrowable(CompletableFuture.java:308)
	at java.util.concurrent.CompletableFuture.uniAccept(CompletableFuture.java:661)
	at java.util.concurrent.CompletableFuture$UniAccept.tryFire(CompletableFuture.java:646)
	at java.util.concurrent.CompletableFuture.postComplete(CompletableFuture.java:488)
	at java.util.concurrent.CompletableFuture.completeExceptionally(CompletableFuture.java:1990)
	at scala.meta.internal.metals.CancelTokens$.$anonfun$future$1(CancelTokens.scala:40)
	at scala.meta.internal.metals.CancelTokens$.$anonfun$future$1$adapted(CancelTokens.scala:38)
	at scala.concurrent.impl.Promise$Transformation.run(Promise.scala:484)
	at java.util.concurrent.ThreadPoolExecutor.runWorker(ThreadPoolExecutor.java:1149)
	at java.util.concurrent.ThreadPoolExecutor$Worker.run(ThreadPoolExecutor.java:624)
	at java.lang.Thread.run(Thread.java:748)
Caused by: file:///D:/Programs/sem3/scala/ScalaTutorials/scala%20tutorial%204/Question%2005/Question05.scala:8: error: unclosed string literal
    def first2uppercase(str:String): String = s"${toUpper(str.substring(0,2))${toLower(str.substring(2))}"
                                                                                                         ^
	at scala.meta.internal.tokenizers.Reporter.syntaxError(Reporter.scala:23)
	at scala.meta.internal.tokenizers.Reporter.syntaxError$(Reporter.scala:23)
	at scala.meta.internal.tokenizers.Reporter$$anon$1.syntaxError(Reporter.scala:33)
	at scala.meta.internal.tokenizers.Reporter.syntaxError(Reporter.scala:25)
	at scala.meta.internal.tokenizers.Reporter.syntaxError$(Reporter.scala:25)
	at scala.meta.internal.tokenizers.Reporter$$anon$1.syntaxError(Reporter.scala:33)
	at scala.meta.internal.tokenizers.LegacyScanner.getStringLit(LegacyScanner.scala:590)
	at scala.meta.internal.tokenizers.LegacyScanner.fetchDoubleQuote$1(LegacyScanner.scala:406)
	at scala.meta.internal.tokenizers.LegacyScanner.fetchToken(LegacyScanner.scala:410)
	at scala.meta.internal.tokenizers.LegacyScanner.nextToken(LegacyScanner.scala:245)
	at scala.meta.internal.mtags.ScalaToplevelMtags.acceptBalancedDelimeters(ScalaToplevelMtags.scala:274)
	at scala.meta.internal.mtags.ScalaToplevelMtags.loop(ScalaToplevelMtags.scala:172)
	at scala.meta.internal.mtags.ScalaToplevelMtags.indexRoot(ScalaToplevelMtags.scala:50)
	at scala.meta.internal.mtags.MtagsIndexer.index(MtagsIndexer.scala:19)
	at scala.meta.internal.mtags.MtagsIndexer.index$(MtagsIndexer.scala:18)
	at scala.meta.internal.mtags.ScalaToplevelMtags.index(ScalaToplevelMtags.scala:40)
	at scala.meta.internal.mtags.Mtags$.allToplevels(Mtags.scala:96)
	at scala.meta.internal.metals.DefinitionProvider.fromMtags(DefinitionProvider.scala:269)
	at scala.meta.internal.metals.DefinitionProvider.$anonfun$positionOccurrence$3(DefinitionProvider.scala:202)
	at scala.Option.orElse(Option.scala:477)
	at scala.meta.internal.metals.DefinitionProvider.$anonfun$positionOccurrence$1(DefinitionProvider.scala:202)
	at scala.Option.flatMap(Option.scala:283)
	at scala.meta.internal.metals.DefinitionProvider.positionOccurrence(DefinitionProvider.scala:197)
	at scala.meta.internal.metals.DocumentHighlightProvider.$anonfun$documentHighlight$1(DocumentHighlightProvider.scala:33)
	at scala.collection.immutable.List.map(List.scala:246)
	at scala.meta.internal.metals.DocumentHighlightProvider.documentHighlight(DocumentHighlightProvider.scala:29)
	at scala.meta.internal.metals.MetalsLanguageServer.$anonfun$documentHighlights$1(MetalsLanguageServer.scala:1480)
	at scala.meta.internal.metals.CancelTokens$.$anonfun$apply$2(CancelTokens.scala:26)
	at scala.concurrent.Future$.$anonfun$apply$1(Future.scala:678)
	at scala.concurrent.impl.Promise$Transformation.run(Promise.scala:467)
	... 3 more

2022.07.28 19:41:27 WARN  no build target for: D:\Programs\sem3\scala\ScalaTutorials\scala tutorial 4\Question 05\Question05.scala
2022.07.28 19:42:07 WARN  no build target for: D:\Programs\sem3\scala\ScalaTutorials\scala tutorial 4\Question 05\Question05.scala
2022.07.28 19:44:46 WARN  no build target for: D:\Programs\sem3\scala\ScalaTutorials\scala tutorial 4\Question 05\Question05.scala
2022.07.28 19:45:15 WARN  no build target for: D:\Programs\sem3\scala\ScalaTutorials\scala tutorial 4\Question 05\Question05.scala
2022.07.28 19:45:25 WARN  no build target for: D:\Programs\sem3\scala\ScalaTutorials\scala tutorial 4\Question 05\Question05.scala
2022.07.28 19:45:54 WARN  no build target for: D:\Programs\sem3\scala\ScalaTutorials\scala tutorial 4\Question 05\Question05.scala
2022.07.28 19:46:04 INFO  shutting down Metals
2022.08.03 18:16:39 INFO  tracing is disabled for protocol LSP, to enable tracing of incoming and outgoing JSON messages create an empty file at d:\Programs\sem3\scala\ScalaTutorials\scala tutorial 4\.metals\lsp.trace.json or C:\Users\Sineth\AppData\Local\scalameta\metals\cache\lsp.trace.json
2022.08.03 18:16:41 INFO  logging to file D:\Programs\sem3\scala\ScalaTutorials\scala tutorial 4\.metals\metals.log
2022.08.03 18:16:41 INFO  Started: Metals version 0.11.7 in workspace 'D:\Programs\sem3\scala\ScalaTutorials\scala tutorial 4' for client Visual Studio Code 1.69.2.
2022.08.03 18:16:44 INFO  time: initialize in 3.06s
2022.08.03 18:16:44 WARN  Flyway upgrade recommended: H2 2.1.214 is newer than this version of Flyway and support has not been tested. The latest supported version of H2 is 2.1.210.
2022.08.03 18:16:44 WARN  Build server is not auto-connectable.
2022.08.03 18:16:44 WARN  no build tool detected in workspace 'D:\Programs\sem3\scala\ScalaTutorials\scala tutorial 4'. The most common cause for this problem is that the editor was opened in the wrong working directory, for example if you use sbt then the workspace directory should contain build.sbt. 
2022.08.03 18:16:45 WARN  no build target for: D:\Programs\sem3\scala\ScalaTutorials\scala tutorial 4\Question 04\Question04.scala
2022.08.03 18:16:45 WARN  no build target for: D:\Programs\sem3\scala\ScalaTutorials\scala tutorial 4\Question 05\Question05.scala
2022.08.03 18:16:45 WARN  no build target for: D:\Programs\sem3\scala\ScalaTutorials\scala tutorial 4\Question 01\Question01.scala
2022.08.03 18:16:49 INFO  no build target found for D:\Programs\sem3\scala\ScalaTutorials\scala tutorial 4\Question 05\Question05.scala. Using presentation compiler with project's scala-library version: 3.1.3
2022.08.03 18:16:51 INFO  time: code lens generation in 2.55s
2022.08.03 18:16:51 INFO  time: code lens generation in 3.56s
2022.08.03 18:16:51 INFO  time: code lens generation in 5.6s
2022.08.03 18:16:51 INFO  time: code lens generation in 5.6s
2022.08.03 21:27:22 INFO  shutting down Metals
